<?xml version="1.0" encoding="UTF-8"?>
<testsuite name="com.bridgelabz.InvoiceServiceTest" tests="1" skipped="0" failures="0" errors="0" timestamp="2021-06-20T16:10:12" hostname="DESKTOP-T79M02P" time="0.004">
  <properties/>
  <testcase name="givenLessDistanceAndTime_ShouldReturnMiniFare" classname="com.bridgelabz.InvoiceServiceTest" time="0.004"/>
  <system-out><![CDATA[]]></system-out>
  <system-err><![CDATA[]]></system-err>
</testsuite>
