<?xml version="1.0" encoding="UTF-8"?>
<testsuite name="com.bridgelabz.InvoiceServiceTest" tests="1" skipped="0" failures="0" errors="0" timestamp="2021-06-21T10:29:54" hostname="DESKTOP-T79M02P" time="0.003">
  <properties/>
  <testcase name="giveDistanceAndTime_Should_RetureTotalFare" classname="com.bridgelabz.InvoiceServiceTest" time="0.003"/>
  <system-out><![CDATA[]]></system-out>
  <system-err><![CDATA[]]></system-err>
</testsuite>
